2018-10-19 08:19:03,263 [main] INFO  [com.jeesite.modules.Application] StartupInfoLogger.java:50 - Starting Application on LAPTOP-TRE114A1 with PID 21060 (D:\myproject\jeesite4\src\main\webapp\WEB-INF\classes started by 11277 in D:\myproject\jeesite4)
2018-10-19 08:19:03,302 [main] DEBUG [com.jeesite.modules.Application] StartupInfoLogger.java:53 - Running with Spring Boot v2.0.5.RELEASE, Spring v5.0.9.RELEASE
2018-10-19 08:19:03,302 [main] INFO  [com.jeesite.modules.Application] SpringApplication.java:684 - The following profiles are active: default
2018-10-19 08:19:05,499 [main] INFO  [com.jeesite.common.config.Global] qs:91 - Config files: [classpath:config/jeesite-core.yml, classpath:config/application.yml]
2018-10-19 08:19:05,501 [main] INFO  [com.jeesite.common.config.Global] qs:138 - Spring cache cluster mode: false, session manager class name: C
2018-10-19 08:19:07,084 [main] INFO  [o.s.boot.web.embedded.tomcat.TomcatWebServer] TomcatWebServer.java:91 - Tomcat initialized with port(s): 8980 (http)
2018-10-19 08:19:07,680 [main] DEBUG [com.jeesite.common.config.Global] kp:384 - Update D:\myproject\jeesite4\src\main\webapp\WEB-INF\classes\config\application.yml jdbc.password encryption success.
2018-10-19 08:19:08,134 [main] INFO  [com.jeesite.common.config.Global] ny:66 - Log path: D:/myproject/jeesite4/src/main/webapp/WEB-INF/classes

   _____        ___  _   _           ___
  |_   _|      / __'(_)_| |_        /   |
  _ | | __  __ \___ | |_   _| __   / /| |
 ( .| |/__\/__\ ___)| | | |_ /__\ / /_| |_
  \___|\__.\__.|____|_| \___)\__.(____   _|  :: JeeSite V4.1.0 :: 
======================================|_|==========================

    欢迎使用 JeeSite Demo V4.1

    您当前的版本为社区版，官方网站：http://jeesite.com

    机器码是：f062bec578ace53201d287c76d6b7fd3
    产品名称：JeeSite Demo
    公司名称：ThinkGem

===================================================================

2018-10-19 08:19:10,710 [main] DEBUG [c.j.c.mybatis.mapper.provider.SelectSqlProvider] vo:24 - 0毫秒: SELECT a.status AS "status", a.create_by AS "createBy", a.create_date AS "createDate", a.update_by AS "updateBy", a.update_date AS "updateDate", a.remarks AS "remarks", a.module_code AS "moduleCode", a.module_name AS "moduleName", a.description AS "description", a.main_class_name AS "mainClassName", a.current_version AS "currentVersion", a.upgrade_info AS "upgradeInfo" FROM js_sys_module a WHERE a.status = #{sqlMap.where#status#EQ1} ORDER BY a.update_date DESC
2018-10-19 08:19:10,733 [main] DEBUG [o.m.spring.transaction.SpringManagedTransaction] SpringManagedTransaction.java:87 - JDBC Connection [com.alibaba.druid.proxy.jdbc.ConnectionProxyImpl@2b458cd6] will not be managed by Spring
2018-10-19 08:19:10,733 [main] DEBUG [com.jeesite.modules.sys.dao.ModuleDao.findList] BaseJdbcLogger.java:159 - ==>  Preparing: SELECT a.status AS "status", a.create_by AS "createBy", a.create_date AS "createDate", a.update_by AS "updateBy", a.update_date AS "updateDate", a.remarks AS "remarks", a.module_code AS "moduleCode", a.module_name AS "moduleName", a.description AS "description", a.main_class_name AS "mainClassName", a.current_version AS "currentVersion", a.upgrade_info AS "upgradeInfo" FROM js_sys_module a WHERE a.status = ? ORDER BY a.update_date DESC 
2018-10-19 08:19:10,780 [main] DEBUG [com.jeesite.modules.sys.dao.ModuleDao.findList] BaseJdbcLogger.java:159 - ==> Parameters: 0(String)
2018-10-19 08:19:10,811 [main] DEBUG [com.jeesite.modules.sys.dao.ModuleDao.findList] BaseJdbcLogger.java:159 - <==      Total: 2
2018-10-19 08:19:10,920 [main] DEBUG [c.j.c.mybatis.mapper.provider.SelectSqlProvider] vo:104 - 0毫秒: SELECT a.corp_code AS "corpCode", a.corp_name AS "corpName", a.status AS "status", a.create_by AS "createBy", a.create_date AS "createDate", a.update_by AS "updateBy", a.update_date AS "updateDate", a.remarks AS "remarks", a.user_code AS "userCode", a.login_code AS "loginCode", a.user_name AS "userName", a.password AS "password", a.email AS "email", a.mobile AS "mobile", a.phone AS "phone", a.sex AS "sex", a.avatar AS "avatar", a.sign AS "sign", a.wx_openid AS "wxOpenid", a.mobile_imei AS "mobileImei", a.user_type AS "userType", a.ref_code AS "refCode", a.ref_name AS "refName", a.mgr_type AS "mgrType", a.pwd_security_level AS "pwdSecurityLevel", a.pwd_update_date AS "pwdUpdateDate", a.pwd_update_record AS "pwdUpdateRecord", a.pwd_question AS "pwdQuestion", a.pwd_question_answer AS "pwdQuestionAnswer", a.pwd_question_2 AS "pwdQuestion2", a.pwd_question_answer_2 AS "pwdQuestionAnswer2", a.pwd_question_3 AS "pwdQuestion3", a.pwd_question_answer_3 AS "pwdQuestionAnswer3", a.pwd_quest_update_date AS "pwdQuestUpdateDate", a.last_login_ip AS "lastLoginIp", a.last_login_date AS "lastLoginDate", a.freeze_date AS "freezeDate", a.freeze_cause AS "freezeCause", a.user_weight AS "userWeight", a.extend_s1 AS "extend.extendS1", a.extend_s2 AS "extend.extendS2", a.extend_s3 AS "extend.extendS3", a.extend_s4 AS "extend.extendS4", a.extend_s5 AS "extend.extendS5", a.extend_s6 AS "extend.extendS6", a.extend_s7 AS "extend.extendS7", a.extend_s8 AS "extend.extendS8", a.extend_i1 AS "extend.extendI1", a.extend_i2 AS "extend.extendI2", a.extend_i3 AS "extend.extendI3", a.extend_i4 AS "extend.extendI4", a.extend_f1 AS "extend.extendF1", a.extend_f2 AS "extend.extendF2", a.extend_f3 AS "extend.extendF3", a.extend_f4 AS "extend.extendF4", a.extend_d1 AS "extend.extendD1", a.extend_d2 AS "extend.extendD2", a.extend_d3 AS "extend.extendD3", a.extend_d4 AS "extend.extendD4" FROM js_sys_user a WHERE a.`user_code` = #{userCode}
2018-10-19 08:19:10,920 [main] DEBUG [o.m.spring.transaction.SpringManagedTransaction] SpringManagedTransaction.java:87 - JDBC Connection [com.alibaba.druid.proxy.jdbc.ConnectionProxyImpl@2b458cd6] will be managed by Spring
2018-10-19 08:19:10,920 [main] DEBUG [com.jeesite.modules.sys.dao.UserDao.get] BaseJdbcLogger.java:159 - ==>  Preparing: SELECT a.corp_code AS "corpCode", a.corp_name AS "corpName", a.status AS "status", a.create_by AS "createBy", a.create_date AS "createDate", a.update_by AS "updateBy", a.update_date AS "updateDate", a.remarks AS "remarks", a.user_code AS "userCode", a.login_code AS "loginCode", a.user_name AS "userName", a.password AS "password", a.email AS "email", a.mobile AS "mobile", a.phone AS "phone", a.sex AS "sex", a.avatar AS "avatar", a.sign AS "sign", a.wx_openid AS "wxOpenid", a.mobile_imei AS "mobileImei", a.user_type AS "userType", a.ref_code AS "refCode", a.ref_name AS "refName", a.mgr_type AS "mgrType", a.pwd_security_level AS "pwdSecurityLevel", a.pwd_update_date AS "pwdUpdateDate", a.pwd_update_record AS "pwdUpdateRecord", a.pwd_question AS "pwdQuestion", a.pwd_question_answer AS "pwdQuestionAnswer", a.pwd_question_2 AS "pwdQuestion2", a.pwd_question_answer_2 AS "pwdQuestionAnswer2", a.pwd_question_3 AS "pwdQuestion3", a.pwd_question_answer_3 AS "pwdQuestionAnswer3", a.pwd_quest_update_date AS "pwdQuestUpdateDate", a.last_login_ip AS "lastLoginIp", a.last_login_date AS "lastLoginDate", a.freeze_date AS "freezeDate", a.freeze_cause AS "freezeCause", a.user_weight AS "userWeight", a.extend_s1 AS "extend.extendS1", a.extend_s2 AS "extend.extendS2", a.extend_s3 AS "extend.extendS3", a.extend_s4 AS "extend.extendS4", a.extend_s5 AS "extend.extendS5", a.extend_s6 AS "extend.extendS6", a.extend_s7 AS "extend.extendS7", a.extend_s8 AS "extend.extendS8", a.extend_i1 AS "extend.extendI1", a.extend_i2 AS "extend.extendI2", a.extend_i3 AS "extend.extendI3", a.extend_i4 AS "extend.extendI4", a.extend_f1 AS "extend.extendF1", a.extend_f2 AS "extend.extendF2", a.extend_f3 AS "extend.extendF3", a.extend_f4 AS "extend.extendF4", a.extend_d1 AS "extend.extendD1", a.extend_d2 AS "extend.extendD2", a.extend_d3 AS "extend.extendD3", a.extend_d4 AS "extend.extendD4" FROM js_sys_user a WHERE a.`user_code` = ? 
2018-10-19 08:19:10,920 [main] DEBUG [com.jeesite.modules.sys.dao.UserDao.get] BaseJdbcLogger.java:159 - ==> Parameters: system(String)
2018-10-19 08:19:10,936 [main] DEBUG [com.jeesite.modules.sys.dao.UserDao.get] BaseJdbcLogger.java:159 - <==      Total: 1
2018-10-19 08:19:11,217 [main] DEBUG [c.j.modules.sys.dao.RoleDao.findListByUserCode] BaseJdbcLogger.java:159 - ==>  Preparing: SELECT a.corp_code AS "corpCode", a.corp_name AS "corpName", a.status AS "status", a.create_by AS "createBy", a.create_date AS "createDate", a.update_by AS "updateBy", a.update_date AS "updateDate", a.remarks AS "remarks", a.role_code AS "roleCode", a.role_name AS "roleName", a.role_type AS "roleType", a.role_sort AS "roleSort", a.is_sys AS "isSys", a.user_type AS "userType", a.data_scope AS "dataScope" FROM js_sys_role a JOIN js_sys_user_role ur ON a.role_code = ur.role_code WHERE a.status = ? AND ur.user_code = ? ORDER BY a.role_sort ASC 
2018-10-19 08:19:11,217 [main] DEBUG [c.j.modules.sys.dao.RoleDao.findListByUserCode] BaseJdbcLogger.java:159 - ==> Parameters: 0(String), system(String)
2018-10-19 08:19:11,233 [main] DEBUG [c.j.modules.sys.dao.RoleDao.findListByUserCode] BaseJdbcLogger.java:159 - <==      Total: 0
2018-10-19 08:19:11,264 [main] DEBUG [c.j.c.mybatis.mapper.provider.UpdateSqlProvider] ir:81 - 406毫秒: UPDATE js_sys_menu SET `status` = #{param1.status}, `update_by` = #{param1.updateBy}, `update_date` = #{param1.updateDate} WHERE status != #{param2.STATUS_DELETE} AND module_codes LIKE #{param2.sqlMap.where#module_codes#LIKE1}
2018-10-19 08:19:11,264 [main] DEBUG [c.j.modules.sys.dao.MenuDao.updateStatusByEntity] BaseJdbcLogger.java:159 - ==>  Preparing: UPDATE js_sys_menu SET `status` = ?, `update_by` = ?, `update_date` = ? WHERE status != ? AND module_codes LIKE ? 
2018-10-19 08:19:11,264 [main] DEBUG [c.j.modules.sys.dao.MenuDao.updateStatusByEntity] BaseJdbcLogger.java:159 - ==> Parameters: 2(String), system(String), 2018-10-19 08:19:11.264(Timestamp), 1(String), %cms%(String)
2018-10-19 08:19:11,264 [main] DEBUG [c.j.modules.sys.dao.MenuDao.updateStatusByEntity] BaseJdbcLogger.java:159 - <==    Updates: 0
2018-10-19 08:19:11,279 [main] DEBUG [c.j.c.mybatis.mapper.provider.UpdateSqlProvider] ir:81 - 15毫秒: UPDATE js_sys_menu SET `status` = #{param1.status}, `update_by` = #{param1.updateBy}, `update_date` = #{param1.updateDate} WHERE status != #{param2.STATUS_DELETE} AND module_codes LIKE #{param2.sqlMap.where#module_codes#LIKE1}
2018-10-19 08:19:11,279 [main] DEBUG [o.m.spring.transaction.SpringManagedTransaction] SpringManagedTransaction.java:87 - JDBC Connection [com.alibaba.druid.proxy.jdbc.ConnectionProxyImpl@2b458cd6] will be managed by Spring
2018-10-19 08:19:11,279 [main] DEBUG [c.j.modules.sys.dao.MenuDao.updateStatusByEntity] BaseJdbcLogger.java:159 - ==>  Preparing: UPDATE js_sys_menu SET `status` = ?, `update_by` = ?, `update_date` = ? WHERE status != ? AND module_codes LIKE ? 
2018-10-19 08:19:11,279 [main] DEBUG [c.j.modules.sys.dao.MenuDao.updateStatusByEntity] BaseJdbcLogger.java:159 - ==> Parameters: 0(String), system(String), 2018-10-19 08:19:11.264(Timestamp), 1(String), %core%(String)
2018-10-19 08:19:11,279 [main] DEBUG [c.j.modules.sys.dao.MenuDao.updateStatusByEntity] BaseJdbcLogger.java:159 - <==    Updates: 65
2018-10-19 08:19:13,013 [main] DEBUG [com.jeesite.common.beetl.BeetlUtils] tu:145 - Beetl config files: [classpath:/config/beetl-core.properties, classpath:/config/beetl.properties]
2018-10-19 08:19:15,364 [main] INFO  [o.s.boot.web.embedded.tomcat.TomcatWebServer] TomcatWebServer.java:206 - Tomcat started on port(s): 8980 (http) with context path '/jeesite4'
2018-10-19 08:19:15,370 [main] INFO  [com.jeesite.modules.Application] StartupInfoLogger.java:59 - Started Application in 12.785 seconds (JVM running for 13.361)
